<?xml version="1.0" encoding="UTF-8"?>
<testng-results skipped="0" failed="0" total="1" passed="1">
  <reporter-output>
  </reporter-output>
  <suite name="TestAll" duration-ms="57557" started-at="2015-11-28T08:23:31Z" finished-at="2015-11-28T08:24:28Z">
    <groups>
    </groups>
    <test name="TestC" duration-ms="57557" started-at="2015-11-28T08:23:31Z" finished-at="2015-11-28T08:24:28Z">
      <class name="com.wvs.framework.test.automation.marketing.Lead_Test">
        <test-method status="PASS" signature="m(java.lang.String)[pri:0, instance:com.wvs.framework.test.automation.marketing.Lead_Test@4ee7c6cd]" name="m" duration-ms="57524" started-at="2015-11-28T13:53:31Z" finished-at="2015-11-28T13:54:28Z">
          <params>
            <param index="0">
              <value>
                <![CDATA[FF]]>
              </value>
            </param>
          </params>
          <reporter-output>
          </reporter-output>
        </test-method> <!-- m -->
      </class> <!-- com.wvs.framework.test.automation.marketing.Lead_Test -->
    </test> <!-- TestC -->
  </suite> <!-- TestAll -->
</testng-results>
